1709250082.798789 client started (12756): version 3.2a, socket /tmp/tmux-1000/default, protocol 8
1709250082.798837 on Linux 6.2.0-35-generic #35~22.04.1-Ubuntu SMP PREEMPT_DYNAMIC Fri Oct  6 10:23:26 UTC 2
1709250082.798853 using libevent 2.1.12-stable (poll); ncurses 6.3
1709250082.798883 flags are 0x10010000
1709250082.798892 socket is /tmp/tmux-1000/default
1709250082.798919 trying connect
1709250082.799021 add peer 0x564b3ce772e0: 6 ((nil))
1709250082.799551 sending message 100 to peer 0x564b3ce772e0 (4 bytes)
1709250082.799565 sending message 111 to peer 0x564b3ce772e0 (8 bytes)
1709250082.799572 sending message 101 to peer 0x564b3ce772e0 (15 bytes)
1709250082.799578 sending message 109 to peer 0x564b3ce772e0 (4 bytes)
1709250082.799584 sending message 102 to peer 0x564b3ce772e0 (11 bytes)
1709250082.799590 sending message 108 to peer 0x564b3ce772e0 (25 bytes)
1709250082.799596 sending message 112 to peer 0x564b3ce772e0 (58 bytes)
1709250082.799602 sending message 112 to peer 0x564b3ce772e0 (5 bytes)
1709250082.799609 sending message 112 to peer 0x564b3ce772e0 (5 bytes)
1709250082.799615 sending message 112 to peer 0x564b3ce772e0 (6 bytes)
1709250082.799620 sending message 112 to peer 0x564b3ce772e0 (6 bytes)
1709250082.799626 sending message 112 to peer 0x564b3ce772e0 (11 bytes)
1709250082.799632 sending message 112 to peer 0x564b3ce772e0 (10 bytes)
1709250082.799638 sending message 112 to peer 0x564b3ce772e0 (13 bytes)
1709250082.799644 sending message 112 to peer 0x564b3ce772e0 (14 bytes)
1709250082.799650 sending message 112 to peer 0x564b3ce772e0 (19 bytes)
1709250082.799656 sending message 112 to peer 0x564b3ce772e0 (11 bytes)
1709250082.799661 sending message 112 to peer 0x564b3ce772e0 (10 bytes)
1709250082.799667 sending message 112 to peer 0x564b3ce772e0 (15 bytes)
1709250082.799673 sending message 112 to peer 0x564b3ce772e0 (21 bytes)
1709250082.799679 sending message 112 to peer 0x564b3ce772e0 (13 bytes)
1709250082.799684 sending message 112 to peer 0x564b3ce772e0 (7 bytes)
1709250082.799691 sending message 112 to peer 0x564b3ce772e0 (13 bytes)
1709250082.799697 sending message 112 to peer 0x564b3ce772e0 (7 bytes)
1709250082.799703 sending message 112 to peer 0x564b3ce772e0 (13 bytes)
1709250082.799710 sending message 112 to peer 0x564b3ce772e0 (9 bytes)
1709250082.799716 sending message 112 to peer 0x564b3ce772e0 (21 bytes)
1709250082.799721 sending message 112 to peer 0x564b3ce772e0 (13 bytes)
1709250082.799727 sending message 112 to peer 0x564b3ce772e0 (9 bytes)
1709250082.799733 sending message 112 to peer 0x564b3ce772e0 (16 bytes)
1709250082.799739 sending message 112 to peer 0x564b3ce772e0 (13 bytes)
1709250082.799745 sending message 112 to peer 0x564b3ce772e0 (9 bytes)
1709250082.799751 sending message 112 to peer 0x564b3ce772e0 (9 bytes)
1709250082.799757 sending message 112 to peer 0x564b3ce772e0 (12 bytes)
1709250082.799763 sending message 112 to peer 0x564b3ce772e0 (8 bytes)
1709250082.799769 sending message 112 to peer 0x564b3ce772e0 (8 bytes)
1709250082.799775 sending message 112 to peer 0x564b3ce772e0 (13 bytes)
1709250082.799781 sending message 112 to peer 0x564b3ce772e0 (7 bytes)
1709250082.799787 sending message 112 to peer 0x564b3ce772e0 (7 bytes)
1709250082.799792 sending message 112 to peer 0x564b3ce772e0 (9 bytes)
1709250082.799798 sending message 112 to peer 0x564b3ce772e0 (9 bytes)
1709250082.799804 sending message 112 to peer 0x564b3ce772e0 (15 bytes)
1709250082.799811 sending message 112 to peer 0x564b3ce772e0 (13 bytes)
1709250082.799817 sending message 112 to peer 0x564b3ce772e0 (12 bytes)
1709250082.799823 sending message 112 to peer 0x564b3ce772e0 (8 bytes)
1709250082.799829 sending message 112 to peer 0x564b3ce772e0 (14 bytes)
1709250082.799835 sending message 112 to peer 0x564b3ce772e0 (11 bytes)
1709250082.799841 sending message 112 to peer 0x564b3ce772e0 (9 bytes)
1709250082.799847 sending message 112 to peer 0x564b3ce772e0 (10 bytes)
1709250082.799853 sending message 112 to peer 0x564b3ce772e0 (10 bytes)
1709250082.799858 sending message 112 to peer 0x564b3ce772e0 (10 bytes)
1709250082.799876 sending message 112 to peer 0x564b3ce772e0 (10 bytes)
1709250082.799882 sending message 112 to peer 0x564b3ce772e0 (11 bytes)
1709250082.799888 sending message 112 to peer 0x564b3ce772e0 (12 bytes)
1709250082.799894 sending message 112 to peer 0x564b3ce772e0 (12 bytes)
1709250082.799901 sending message 112 to peer 0x564b3ce772e0 (12 bytes)
1709250082.799907 sending message 112 to peer 0x564b3ce772e0 (12 bytes)
1709250082.799913 sending message 112 to peer 0x564b3ce772e0 (12 bytes)
1709250082.799919 sending message 112 to peer 0x564b3ce772e0 (11 bytes)
1709250082.799925 sending message 112 to peer 0x564b3ce772e0 (11 bytes)
1709250082.799931 sending message 112 to peer 0x564b3ce772e0 (12 bytes)
1709250082.799938 sending message 112 to peer 0x564b3ce772e0 (12 bytes)
1709250082.799944 sending message 112 to peer 0x564b3ce772e0 (12 bytes)
1709250082.799950 sending message 112 to peer 0x564b3ce772e0 (12 bytes)
1709250082.799955 sending message 112 to peer 0x564b3ce772e0 (12 bytes)
1709250082.799961 sending message 112 to peer 0x564b3ce772e0 (9 bytes)
1709250082.799967 sending message 112 to peer 0x564b3ce772e0 (12 bytes)
1709250082.799973 sending message 112 to peer 0x564b3ce772e0 (13 bytes)
1709250082.799979 sending message 112 to peer 0x564b3ce772e0 (13 bytes)
1709250082.799985 sending message 112 to peer 0x564b3ce772e0 (13 bytes)
1709250082.799990 sending message 112 to peer 0x564b3ce772e0 (13 bytes)
1709250082.799996 sending message 112 to peer 0x564b3ce772e0 (13 bytes)
1709250082.800002 sending message 112 to peer 0x564b3ce772e0 (8 bytes)
1709250082.800008 sending message 112 to peer 0x564b3ce772e0 (11 bytes)
1709250082.800014 sending message 112 to peer 0x564b3ce772e0 (11 bytes)
1709250082.800019 sending message 112 to peer 0x564b3ce772e0 (11 bytes)
1709250082.800026 sending message 112 to peer 0x564b3ce772e0 (12 bytes)
1709250082.800032 sending message 112 to peer 0x564b3ce772e0 (12 bytes)
1709250082.800038 sending message 112 to peer 0x564b3ce772e0 (12 bytes)
1709250082.800044 sending message 112 to peer 0x564b3ce772e0 (12 bytes)
1709250082.800049 sending message 112 to peer 0x564b3ce772e0 (13 bytes)
1709250082.800055 sending message 112 to peer 0x564b3ce772e0 (13 bytes)
1709250082.800061 sending message 112 to peer 0x564b3ce772e0 (13 bytes)
1709250082.800067 sending message 112 to peer 0x564b3ce772e0 (8 bytes)
1709250082.800073 sending message 112 to peer 0x564b3ce772e0 (13 bytes)
1709250082.800079 sending message 112 to peer 0x564b3ce772e0 (13 bytes)
1709250082.800085 sending message 112 to peer 0x564b3ce772e0 (13 bytes)
1709250082.800091 sending message 112 to peer 0x564b3ce772e0 (13 bytes)
1709250082.800097 sending message 112 to peer 0x564b3ce772e0 (13 bytes)
1709250082.800102 sending message 112 to peer 0x564b3ce772e0 (12 bytes)
1709250082.800108 sending message 112 to peer 0x564b3ce772e0 (12 bytes)
1709250082.800115 sending message 112 to peer 0x564b3ce772e0 (12 bytes)
1709250082.800121 sending message 112 to peer 0x564b3ce772e0 (12 bytes)
1709250082.800126 sending message 112 to peer 0x564b3ce772e0 (13 bytes)
1709250082.800133 sending message 112 to peer 0x564b3ce772e0 (8 bytes)
1709250082.800139 sending message 112 to peer 0x564b3ce772e0 (13 bytes)
1709250082.800145 sending message 112 to peer 0x564b3ce772e0 (13 bytes)
1709250082.800151 sending message 112 to peer 0x564b3ce772e0 (13 bytes)
1709250082.800156 sending message 112 to peer 0x564b3ce772e0 (13 bytes)
1709250082.800162 sending message 112 to peer 0x564b3ce772e0 (13 bytes)
1709250082.800168 sending message 112 to peer 0x564b3ce772e0 (13 bytes)
1709250082.800173 sending message 112 to peer 0x564b3ce772e0 (13 bytes)
1709250082.800179 sending message 112 to peer 0x564b3ce772e0 (12 bytes)
1709250082.800186 sending message 112 to peer 0x564b3ce772e0 (12 bytes)
1709250082.800192 sending message 112 to peer 0x564b3ce772e0 (12 bytes)
1709250082.800198 sending message 112 to peer 0x564b3ce772e0 (8 bytes)
1709250082.800204 sending message 112 to peer 0x564b3ce772e0 (12 bytes)
1709250082.800210 sending message 112 to peer 0x564b3ce772e0 (13 bytes)
1709250082.800220 sending message 112 to peer 0x564b3ce772e0 (13 bytes)
1709250082.800226 sending message 112 to peer 0x564b3ce772e0 (13 bytes)
1709250082.800231 sending message 112 to peer 0x564b3ce772e0 (13 bytes)
1709250082.800237 sending message 112 to peer 0x564b3ce772e0 (13 bytes)
1709250082.800243 sending message 112 to peer 0x564b3ce772e0 (13 bytes)
1709250082.800249 sending message 112 to peer 0x564b3ce772e0 (13 bytes)
1709250082.800270 sending message 112 to peer 0x564b3ce772e0 (13 bytes)
1709250082.800281 sending message 112 to peer 0x564b3ce772e0 (12 bytes)
1709250082.800289 sending message 112 to peer 0x564b3ce772e0 (10 bytes)
1709250082.800295 sending message 112 to peer 0x564b3ce772e0 (12 bytes)
1709250082.800301 sending message 112 to peer 0x564b3ce772e0 (12 bytes)
1709250082.800306 sending message 112 to peer 0x564b3ce772e0 (12 bytes)
1709250082.800312 sending message 112 to peer 0x564b3ce772e0 (13 bytes)
1709250082.800318 sending message 112 to peer 0x564b3ce772e0 (13 bytes)
1709250082.800324 sending message 112 to peer 0x564b3ce772e0 (13 bytes)
1709250082.800330 sending message 112 to peer 0x564b3ce772e0 (13 bytes)
1709250082.800335 sending message 112 to peer 0x564b3ce772e0 (13 bytes)
1709250082.800341 sending message 112 to peer 0x564b3ce772e0 (13 bytes)
1709250082.800347 sending message 112 to peer 0x564b3ce772e0 (13 bytes)
1709250082.800353 sending message 112 to peer 0x564b3ce772e0 (10 bytes)
1709250082.800359 sending message 112 to peer 0x564b3ce772e0 (13 bytes)
1709250082.800364 sending message 112 to peer 0x564b3ce772e0 (12 bytes)
1709250082.800370 sending message 112 to peer 0x564b3ce772e0 (12 bytes)
1709250082.800376 sending message 112 to peer 0x564b3ce772e0 (12 bytes)
1709250082.800382 sending message 112 to peer 0x564b3ce772e0 (10 bytes)
1709250082.800387 sending message 112 to peer 0x564b3ce772e0 (10 bytes)
1709250082.800393 sending message 112 to peer 0x564b3ce772e0 (10 bytes)
1709250082.800399 sending message 112 to peer 0x564b3ce772e0 (12 bytes)
1709250082.800405 sending message 112 to peer 0x564b3ce772e0 (13 bytes)
1709250082.800411 sending message 112 to peer 0x564b3ce772e0 (13 bytes)
1709250082.800416 sending message 112 to peer 0x564b3ce772e0 (13 bytes)
1709250082.800422 sending message 112 to peer 0x564b3ce772e0 (13 bytes)
1709250082.800428 sending message 112 to peer 0x564b3ce772e0 (13 bytes)
1709250082.800434 sending message 112 to peer 0x564b3ce772e0 (10 bytes)
1709250082.800439 sending message 112 to peer 0x564b3ce772e0 (11 bytes)
1709250082.800445 sending message 112 to peer 0x564b3ce772e0 (12 bytes)
1709250082.800451 sending message 112 to peer 0x564b3ce772e0 (12 bytes)
1709250082.800457 sending message 112 to peer 0x564b3ce772e0 (12 bytes)
1709250082.800462 sending message 112 to peer 0x564b3ce772e0 (12 bytes)
1709250082.800468 sending message 112 to peer 0x564b3ce772e0 (12 bytes)
1709250082.800474 sending message 112 to peer 0x564b3ce772e0 (11 bytes)
1709250082.800480 sending message 112 to peer 0x564b3ce772e0 (12 bytes)
1709250082.800487 sending message 112 to peer 0x564b3ce772e0 (12 bytes)
1709250082.800492 sending message 112 to peer 0x564b3ce772e0 (13 bytes)
1709250082.800498 sending message 112 to peer 0x564b3ce772e0 (13 bytes)
1709250082.800504 sending message 112 to peer 0x564b3ce772e0 (13 bytes)
1709250082.800509 sending message 112 to peer 0x564b3ce772e0 (13 bytes)
1709250082.800515 sending message 112 to peer 0x564b3ce772e0 (13 bytes)
1709250082.800521 sending message 112 to peer 0x564b3ce772e0 (10 bytes)
1709250082.800527 sending message 112 to peer 0x564b3ce772e0 (9 bytes)
1709250082.800532 sending message 112 to peer 0x564b3ce772e0 (12 bytes)
1709250082.800538 sending message 112 to peer 0x564b3ce772e0 (13 bytes)
1709250082.800544 sending message 112 to peer 0x564b3ce772e0 (13 bytes)
1709250082.800550 sending message 112 to peer 0x564b3ce772e0 (13 bytes)
1709250082.800556 sending message 112 to peer 0x564b3ce772e0 (13 bytes)
1709250082.800562 sending message 112 to peer 0x564b3ce772e0 (13 bytes)
1709250082.800568 sending message 112 to peer 0x564b3ce772e0 (9 bytes)
1709250082.800578 sending message 112 to peer 0x564b3ce772e0 (12 bytes)
1709250082.800584 sending message 112 to peer 0x564b3ce772e0 (13 bytes)
1709250082.800589 sending message 112 to peer 0x564b3ce772e0 (13 bytes)
1709250082.800595 sending message 112 to peer 0x564b3ce772e0 (13 bytes)
1709250082.800601 sending message 112 to peer 0x564b3ce772e0 (13 bytes)
1709250082.800607 sending message 112 to peer 0x564b3ce772e0 (13 bytes)
1709250082.800612 sending message 112 to peer 0x564b3ce772e0 (11 bytes)
1709250082.800618 sending message 112 to peer 0x564b3ce772e0 (12 bytes)
1709250082.800623 sending message 112 to peer 0x564b3ce772e0 (13 bytes)
1709250082.800629 sending message 112 to peer 0x564b3ce772e0 (13 bytes)
1709250082.800634 sending message 112 to peer 0x564b3ce772e0 (13 bytes)
1709250082.800640 sending message 112 to peer 0x564b3ce772e0 (13 bytes)
1709250082.800646 sending message 112 to peer 0x564b3ce772e0 (13 bytes)
1709250082.800651 sending message 112 to peer 0x564b3ce772e0 (11 bytes)
1709250082.800657 sending message 112 to peer 0x564b3ce772e0 (12 bytes)
1709250082.800662 sending message 112 to peer 0x564b3ce772e0 (12 bytes)
1709250082.800671 sending message 112 to peer 0x564b3ce772e0 (12 bytes)
1709250082.800677 sending message 112 to peer 0x564b3ce772e0 (12 bytes)
1709250082.800683 sending message 112 to peer 0x564b3ce772e0 (12 bytes)
1709250082.800688 sending message 112 to peer 0x564b3ce772e0 (21 bytes)
1709250082.800694 sending message 112 to peer 0x564b3ce772e0 (12 bytes)
1709250082.800700 sending message 112 to peer 0x564b3ce772e0 (9 bytes)
1709250082.800705 sending message 112 to peer 0x564b3ce772e0 (6 bytes)
1709250082.800711 sending message 112 to peer 0x564b3ce772e0 (13 bytes)
1709250082.800716 sending message 112 to peer 0x564b3ce772e0 (10 bytes)
1709250082.800723 sending message 112 to peer 0x564b3ce772e0 (24 bytes)
1709250082.800728 sending message 112 to peer 0x564b3ce772e0 (13 bytes)
1709250082.800734 sending message 112 to peer 0x564b3ce772e0 (9 bytes)
1709250082.800739 sending message 112 to peer 0x564b3ce772e0 (70 bytes)
1709250082.800745 sending message 112 to peer 0x564b3ce772e0 (69 bytes)
1709250082.800751 sending message 112 to peer 0x564b3ce772e0 (12 bytes)
1709250082.800757 sending message 112 to peer 0x564b3ce772e0 (10 bytes)
1709250082.800765 sending message 112 to peer 0x564b3ce772e0 (10 bytes)
1709250082.800771 sending message 112 to peer 0x564b3ce772e0 (24 bytes)
1709250082.800776 sending message 112 to peer 0x564b3ce772e0 (13 bytes)
1709250082.800782 sending message 112 to peer 0x564b3ce772e0 (10 bytes)
1709250082.800787 sending message 112 to peer 0x564b3ce772e0 (10 bytes)
1709250082.800793 sending message 112 to peer 0x564b3ce772e0 (10 bytes)
1709250082.800798 sending message 112 to peer 0x564b3ce772e0 (13 bytes)
1709250082.800804 sending message 112 to peer 0x564b3ce772e0 (15 bytes)
1709250082.800810 sending message 112 to peer 0x564b3ce772e0 (5 bytes)
1709250082.800816 sending message 104 to peer 0x564b3ce772e0 (0 bytes)
1709250082.800822 sending message 110 to peer 0x564b3ce772e0 (0 bytes)
1709250082.800829 sending message 107 to peer 0x564b3ce772e0 (4 bytes)
1709250082.800835 sending message 105 to peer 0x564b3ce772e0 (38 bytes)
1709250082.800841 sending message 105 to peer 0x564b3ce772e0 (55 bytes)
1709250082.800847 sending message 105 to peer 0x564b3ce772e0 (29 bytes)
1709250082.800852 sending message 105 to peer 0x564b3ce772e0 (20 bytes)
1709250082.800860 sending message 105 to peer 0x564b3ce772e0 (54 bytes)
1709250082.800866 sending message 105 to peer 0x564b3ce772e0 (51 bytes)
1709250082.800872 sending message 105 to peer 0x564b3ce772e0 (23 bytes)
1709250082.800877 sending message 105 to peer 0x564b3ce772e0 (11 bytes)
1709250082.800883 sending message 105 to peer 0x564b3ce772e0 (12 bytes)
1709250082.800889 sending message 105 to peer 0x564b3ce772e0 (13 bytes)
1709250082.800894 sending message 105 to peer 0x564b3ce772e0 (39 bytes)
1709250082.800900 sending message 105 to peer 0x564b3ce772e0 (18 bytes)
1709250082.800906 sending message 105 to peer 0x564b3ce772e0 (71 bytes)
1709250082.800915 sending message 105 to peer 0x564b3ce772e0 (45 bytes)
1709250082.800920 sending message 105 to peer 0x564b3ce772e0 (32 bytes)
1709250082.800926 sending message 105 to peer 0x564b3ce772e0 (18 bytes)
1709250082.800932 sending message 105 to peer 0x564b3ce772e0 (35 bytes)
1709250082.800937 sending message 105 to peer 0x564b3ce772e0 (44 bytes)
1709250082.800943 sending message 105 to peer 0x564b3ce772e0 (32 bytes)
1709250082.800949 sending message 105 to peer 0x564b3ce772e0 (52 bytes)
1709250082.800957 sending message 105 to peer 0x564b3ce772e0 (19 bytes)
1709250082.800963 sending message 105 to peer 0x564b3ce772e0 (28 bytes)
1709250082.800969 sending message 105 to peer 0x564b3ce772e0 (19 bytes)
1709250082.800974 sending message 105 to peer 0x564b3ce772e0 (18 bytes)
1709250082.800980 sending message 105 to peer 0x564b3ce772e0 (47 bytes)
1709250082.800986 sending message 105 to peer 0x564b3ce772e0 (23 bytes)
1709250082.800991 sending message 105 to peer 0x564b3ce772e0 (17 bytes)
1709250082.800997 sending message 105 to peer 0x564b3ce772e0 (23 bytes)
1709250082.801003 sending message 105 to peer 0x564b3ce772e0 (30 bytes)
1709250082.801008 sending message 105 to peer 0x564b3ce772e0 (27 bytes)
1709250082.801014 sending message 105 to peer 0x564b3ce772e0 (24 bytes)
1709250082.801020 sending message 105 to peer 0x564b3ce772e0 (20 bytes)
1709250082.801025 sending message 105 to peer 0x564b3ce772e0 (23 bytes)
1709250082.801031 sending message 105 to peer 0x564b3ce772e0 (21 bytes)
1709250082.801036 sending message 105 to peer 0x564b3ce772e0 (25 bytes)
1709250082.801047 sending message 105 to peer 0x564b3ce772e0 (20 bytes)
1709250082.801054 sending message 105 to peer 0x564b3ce772e0 (8 bytes)
1709250082.801060 sending message 105 to peer 0x564b3ce772e0 (16 bytes)
1709250082.801065 sending message 105 to peer 0x564b3ce772e0 (32 bytes)
1709250082.801071 sending message 105 to peer 0x564b3ce772e0 (1519 bytes)
1709250082.801106 sending message 105 to peer 0x564b3ce772e0 (16 bytes)
1709250082.801112 sending message 105 to peer 0x564b3ce772e0 (54 bytes)
1709250082.801118 sending message 105 to peer 0x564b3ce772e0 (27 bytes)
1709250082.801124 sending message 105 to peer 0x564b3ce772e0 (32 bytes)
1709250082.801129 sending message 105 to peer 0x564b3ce772e0 (11 bytes)
1709250082.801135 sending message 105 to peer 0x564b3ce772e0 (17 bytes)
1709250082.801141 sending message 105 to peer 0x564b3ce772e0 (861 bytes)
1709250082.801148 sending message 105 to peer 0x564b3ce772e0 (42 bytes)
1709250082.801154 sending message 105 to peer 0x564b3ce772e0 (29 bytes)
1709250082.801159 sending message 105 to peer 0x564b3ce772e0 (19 bytes)
1709250082.801165 sending message 105 to peer 0x564b3ce772e0 (18 bytes)
1709250082.801171 sending message 105 to peer 0x564b3ce772e0 (120 bytes)
1709250082.801177 sending message 105 to peer 0x564b3ce772e0 (19 bytes)
1709250082.801183 sending message 105 to peer 0x564b3ce772e0 (8 bytes)
1709250082.801189 sending message 105 to peer 0x564b3ce772e0 (33 bytes)
1709250082.801195 sending message 105 to peer 0x564b3ce772e0 (41 bytes)
1709250082.801201 sending message 105 to peer 0x564b3ce772e0 (38 bytes)
1709250082.801207 sending message 105 to peer 0x564b3ce772e0 (19 bytes)
1709250082.801213 sending message 105 to peer 0x564b3ce772e0 (22 bytes)
1709250082.801219 sending message 105 to peer 0x564b3ce772e0 (20 bytes)
1709250082.801224 sending message 105 to peer 0x564b3ce772e0 (18 bytes)
1709250082.801230 sending message 105 to peer 0x564b3ce772e0 (26 bytes)
1709250082.801237 sending message 105 to peer 0x564b3ce772e0 (36 bytes)
1709250082.801242 sending message 105 to peer 0x564b3ce772e0 (13 bytes)
1709250082.801248 sending message 105 to peer 0x564b3ce772e0 (13 bytes)
1709250082.801254 sending message 105 to peer 0x564b3ce772e0 (17 bytes)
1709250082.801260 sending message 105 to peer 0x564b3ce772e0 (18 bytes)
1709250082.801265 sending message 105 to peer 0x564b3ce772e0 (13 bytes)
1709250082.801271 sending message 105 to peer 0x564b3ce772e0 (41 bytes)
1709250082.801277 sending message 105 to peer 0x564b3ce772e0 (45 bytes)
1709250082.801287 sending message 105 to peer 0x564b3ce772e0 (33 bytes)
1709250082.801293 sending message 105 to peer 0x564b3ce772e0 (182 bytes)
1709250082.801299 sending message 105 to peer 0x564b3ce772e0 (23 bytes)
1709250082.801305 sending message 105 to peer 0x564b3ce772e0 (31 bytes)
1709250082.801310 sending message 105 to peer 0x564b3ce772e0 (23 bytes)
1709250082.801316 sending message 105 to peer 0x564b3ce772e0 (27 bytes)
1709250082.801322 sending message 105 to peer 0x564b3ce772e0 (21 bytes)
1709250082.801328 sending message 105 to peer 0x564b3ce772e0 (20 bytes)
1709250082.801334 sending message 105 to peer 0x564b3ce772e0 (29 bytes)
1709250082.801340 sending message 105 to peer 0x564b3ce772e0 (16 bytes)
1709250082.801347 sending message 106 to peer 0x564b3ce772e0 (0 bytes)
1709250082.801357 sending message 200 to peer 0x564b3ce772e0 (4 bytes)
1709250082.801363 client loop enter
1709250082.802088 peer 0x564b3ce772e0 message 303
1709250082.802112 open write file 2 -
1709250082.802129 sending message 305 to peer 0x564b3ce772e0 (8 bytes)
1709250082.802144 write check file 2
1709250082.802269 peer 0x564b3ce772e0 message 304
1709250082.802277 write 58 to file 2
1709250082.802284 peer 0x564b3ce772e0 message 203
1709250082.802290 file 2 58 bytes left
1709250082.802308 write check file 2
1709250082.802317 client loop exit
